<?xml version="1.0" encoding="UTF-8"?>
<!-- Generated by org.testng.reporters.JUnitReportReporter -->
<testsuite hostname="TestVagrants-MacBook-Pro.local" failures="0" tests="2" name="api.testcases.UserTestCases" time="10.666" errors="0" timestamp="2023-10-19T00:43:28 IST" skipped="0">
  <testcase classname="api.testcases.UserTestCases" name="shouldAddUser" time="9.104"/>
  <system-out/>
  <testcase classname="api.testcases.UserTestCases" name="shouldUpdateUserProfile" time="1.562"/>
  <system-out/>
</testsuite> <!-- api.testcases.UserTestCases -->
