<?xml version="1.0" encoding="UTF-8"?>
<!-- Generated by org.testng.reporters.JUnitReportReporter -->
<testsuite hostname="TestVagrants-MacBook-Pro.local" failures="0" tests="5" name="api.testcases.ContactTestCases" time="17.751" errors="0" timestamp="2023-10-19T00:43:28 IST" skipped="0">
  <testcase classname="api.testcases.ContactTestCases" name="shouldAddContact" time="6.627"/>
  <system-out/>
  <testcase classname="api.testcases.ContactTestCases" name="shouldGetContactList" time="1.512"/>
  <system-out/>
  <testcase classname="api.testcases.ContactTestCases" name="shouldGetContact" time="1.534"/>
  <system-out/>
  <testcase classname="api.testcases.ContactTestCases" name="shouldUpdateContact" time="1.527"/>
  <system-out/>
  <testcase classname="api.testcases.ContactTestCases" name="shouldDeleteContact" time="6.551"/>
  <system-out/>
</testsuite> <!-- api.testcases.ContactTestCases -->
